DEBUG:root:Order:2 17 4.0
DEBUG:root:Finish turn

DEBUG:root:Order:2 18 4.0
DEBUG:root:Finish turn

DEBUG:root:Order:2 9 40.0
DEBUG:root:Finish turn

DEBUG:root:Order:2 10 40.0
DEBUG:root:Finish turn

DEBUG:root:Finish turn

DEBUG:root:Order:2 17 18
DEBUG:root:Finish turn

DEBUG:root:Finish turn

DEBUG:root:Finish turn

DEBUG:root:Finish turn

DEBUG:root:Finish turn

DEBUG:root:Order:2 0 41.0
DEBUG:root:Order:17 3 43.0
DEBUG:root:Order:2 17 1
DEBUG:root:Finish turn

DEBUG:root:Finish turn

DEBUG:root:Finish turn

DEBUG:root:Order:2 3 5
DEBUG:root:Order:17 3 5
DEBUG:root:Finish turn

DEBUG:root:Order:2 3 11
DEBUG:root:Order:17 3 11
DEBUG:root:Finish turn

DEBUG:root:Order:2 10 3
DEBUG:root:Order:17 10 3
DEBUG:root:Order:17 3 3
DEBUG:root:Finish turn

DEBUG:root:Order:2 17 1
DEBUG:root:Order:2 3 1
DEBUG:root:Finish turn

DEBUG:root:Order:2 3 1
DEBUG:root:Order:17 3 1
DEBUG:root:Finish turn

DEBUG:root:Order:2 3 1
DEBUG:root:Order:17 3 1
DEBUG:root:Finish turn

DEBUG:root:Order:2 3 1
DEBUG:root:Order:17 3 1
DEBUG:root:Finish turn

DEBUG:root:Order:2 3 1
DEBUG:root:Order:17 3 1
DEBUG:root:Finish turn

DEBUG:root:Order:2 3 2
DEBUG:root:Order:17 3 2
DEBUG:root:Order:10 3 1
DEBUG:root:Finish turn

DEBUG:root:Order:2 0 7
DEBUG:root:Order:17 0 7
DEBUG:root:Order:10 0 6
DEBUG:root:Order:3 0 3
DEBUG:root:Finish turn

DEBUG:root:Order:2 9 25
DEBUG:root:Order:17 9 25
DEBUG:root:Order:10 9 24
DEBUG:root:Order:3 9 21
DEBUG:root:Bad order:0 3.0 6
DEBUG:root:Finish turn

DEBUG:root:Order:0 3 3
DEBUG:root:Bad order:0 2.0 3
DEBUG:root:Finish turn

DEBUG:root:Order:2 3 2
DEBUG:root:Order:17 3 1
DEBUG:root:Order:17 0 1
DEBUG:root:Finish turn

DEBUG:root:Order:2 3 1
DEBUG:root:Order:17 3 1
DEBUG:root:Order:17 0 1
DEBUG:root:Finish turn

DEBUG:root:Order:2 3 1
DEBUG:root:Finish turn

DEBUG:root:Order:2 3 2
DEBUG:root:Order:17 3 2
DEBUG:root:Order:10 3 1
DEBUG:root:Finish turn

DEBUG:root:Order:2 3 1
DEBUG:root:Order:17 3 1
DEBUG:root:Finish turn

DEBUG:root:Order:2 3 1
DEBUG:root:Order:17 3 1
DEBUG:root:Finish turn

DEBUG:root:Order:2 3 1
DEBUG:root:Order:17 3 1
DEBUG:root:Finish turn

DEBUG:root:Order:3 7 55.0
DEBUG:root:Order:2 3 15
DEBUG:root:Order:17 3 15
DEBUG:root:Order:10 3 14
DEBUG:root:Finish turn

DEBUG:root:Order:2 3 2
DEBUG:root:Order:17 3 2
DEBUG:root:Order:10 3 1
DEBUG:root:Finish turn

DEBUG:root:Order:2 3 1
DEBUG:root:Order:17 3 1
DEBUG:root:Finish turn

DEBUG:root:Order:2 3 1
DEBUG:root:Order:17 3 1
DEBUG:root:Finish turn

DEBUG:root:Order:2 3 1
DEBUG:root:Order:17 3 1
DEBUG:root:Finish turn

DEBUG:root:Order:2 3 2
DEBUG:root:Order:17 3 2
DEBUG:root:Order:10 3 1
DEBUG:root:Finish turn

DEBUG:root:Order:2 3 1
DEBUG:root:Order:17 3 1
DEBUG:root:Finish turn

DEBUG:root:Order:2 8 55.0
DEBUG:root:Order:17 2 15
DEBUG:root:Order:10 2 14
DEBUG:root:Order:3 2 10
DEBUG:root:Finish turn

DEBUG:root:Order:17 3 1
DEBUG:root:Finish turn

DEBUG:root:Order:2 3 1
DEBUG:root:Order:17 3 1
DEBUG:root:Finish turn

DEBUG:root:Order:2 3 2
DEBUG:root:Order:17 3 2
DEBUG:root:Order:10 3 1
DEBUG:root:Finish turn

DEBUG:root:Order:2 3 1
DEBUG:root:Order:17 3 1
DEBUG:root:Finish turn

DEBUG:root:Order:10 12 58.0
DEBUG:root:Order:2 10 16
DEBUG:root:Order:17 10 16
DEBUG:root:Order:3 10 11
DEBUG:root:Finish turn

DEBUG:root:Order:2 3 1
DEBUG:root:Order:17 3 1
DEBUG:root:Finish turn

DEBUG:root:Order:9 3 5
DEBUG:root:Order:9 10 1
DEBUG:root:Order:9 2 6
DEBUG:root:Finish turn

DEBUG:root:Order:2 9 5
DEBUG:root:Order:2 3 3
DEBUG:root:Finish turn

DEBUG:root:Order:17 19 63.0
DEBUG:root:Order:2 8 28
DEBUG:root:Order:9 8 28
DEBUG:root:Bad order:10 18.0 23
DEBUG:root:Bad order:10 18.0 28
DEBUG:root:Order:3 17 25
DEBUG:root:Finish turn

DEBUG:root:Order:10 8 22
DEBUG:root:Bad order:10 0.0 6
DEBUG:root:Bad order:10 0.0 2
DEBUG:root:Finish turn

DEBUG:root:Bad order:10 4.0 5
DEBUG:root:Bad order:10 4.0 5
DEBUG:root:Finish turn

DEBUG:root:Order:10 3 6
DEBUG:root:Order:2 3 2
DEBUG:root:Order:2 17 3
DEBUG:root:Order:8 17 1
DEBUG:root:Finish turn

DEBUG:root:Order:8 3 1
DEBUG:root:Finish turn

DEBUG:root:Order:8 3 1
DEBUG:root:Order:17 3 1
DEBUG:root:Finish turn

DEBUG:root:Order:2 3 1
DEBUG:root:Order:8 3 1
DEBUG:root:Order:17 3 1
DEBUG:root:Finish turn

DEBUG:root:Order:2 3 1
DEBUG:root:Order:8 3 1
DEBUG:root:Order:17 3 1
DEBUG:root:Finish turn

DEBUG:root:Order:17 20 63.0
DEBUG:root:Order:2 17 14
DEBUG:root:Order:9 17 13
DEBUG:root:Order:10 17 13
DEBUG:root:Order:3 17 6
DEBUG:root:Finish turn

DEBUG:root:Order:8 3 3
DEBUG:root:Order:8 17 2
DEBUG:root:Order:8 9 4
DEBUG:root:Finish turn

DEBUG:root:Order:9 3 3
DEBUG:root:Order:9 8 3
DEBUG:root:Order:9 10 3
DEBUG:root:Order:2 10 1
DEBUG:root:Finish turn

DEBUG:root:Order:10 21 63.0
DEBUG:root:Order:2 10 12
DEBUG:root:Order:17 10 12
DEBUG:root:Order:8 10 11
DEBUG:root:Order:3 10 7
DEBUG:root:Order:9 10 5
DEBUG:root:Finish turn

DEBUG:root:Order:2 3 1
DEBUG:root:Order:8 3 1
DEBUG:root:Order:8 10 1
DEBUG:root:Finish turn

DEBUG:root:Order:17 3 2
DEBUG:root:Order:2 3 1
DEBUG:root:Order:2 10 1
DEBUG:root:Finish turn

DEBUG:root:Order:8 3 1
DEBUG:root:Order:17 3 1
DEBUG:root:Finish turn

DEBUG:root:Order:2 3 1
DEBUG:root:Order:8 3 1
DEBUG:root:Order:17 3 1
DEBUG:root:Finish turn

DEBUG:root:Order:2 13 67.0
DEBUG:root:Order:8 2 12
DEBUG:root:Order:17 2 12
DEBUG:root:Order:9 2 11
DEBUG:root:Order:10 2 11
DEBUG:root:Order:3 2 6
DEBUG:root:Finish turn

DEBUG:root:Order:8 3 1
DEBUG:root:Order:17 3 1
DEBUG:root:Order:17 2 1
DEBUG:root:Finish turn

DEBUG:root:Order:8 3 1
DEBUG:root:Finish turn

DEBUG:root:Order:8 14 67.0
DEBUG:root:Order:2 8 12
DEBUG:root:Order:17 8 12
DEBUG:root:Order:9 8 11
DEBUG:root:Order:10 8 11
DEBUG:root:Order:3 8 5
DEBUG:root:Finish turn

DEBUG:root:Order:2 12 16
DEBUG:root:Order:17 12 16
DEBUG:root:Order:9 12 15
DEBUG:root:Order:10 12 15
DEBUG:root:Order:3 12 12
DEBUG:root:Order:8 12 12
DEBUG:root:Order:21 12 2
DEBUG:root:Finish turn

DEBUG:root:Order:2 12 2
DEBUG:root:Order:8 12 2
DEBUG:root:Order:17 12 2
DEBUG:root:Order:9 12 1
DEBUG:root:Order:9 3 1
DEBUG:root:Order:9 21 1
DEBUG:root:Finish turn

DEBUG:root:Order:2 19 20
DEBUG:root:Bad order:8 8.0 20
DEBUG:root:Bad order:10 10.0 20
DEBUG:root:Order:17 19 20
DEBUG:root:Order:9 19 17
DEBUG:root:Order:3 19 15
DEBUG:root:Bad order:12 3.0 15
DEBUG:root:Order:21 19 15
DEBUG:root:Finish turn

DEBUG:root:Bad order:8 13.0 21
DEBUG:root:Order:10 19 20
DEBUG:root:Bad order:12 0.0 12
DEBUG:root:Order:2 19 1
DEBUG:root:Order:17 19 1
DEBUG:root:Finish turn

DEBUG:root:Bad order:8 21.0 23
DEBUG:root:Bad order:12 1.0 10
DEBUG:root:Order:2 19 2
DEBUG:root:Order:17 19 2
DEBUG:root:Order:9 19 1
DEBUG:root:Order:10 19 1
DEBUG:root:Finish turn

DEBUG:root:Order:8 3 10
DEBUG:root:Order:8 21 10
DEBUG:root:Order:8 9 2
DEBUG:root:Order:8 10 2
DEBUG:root:Order:8 2 1
DEBUG:root:Order:8 17 1
DEBUG:root:Finish turn

DEBUG:root:Order:2 3 2
DEBUG:root:Order:2 8 2
DEBUG:root:Order:2 21 2
DEBUG:root:Finish turn

DEBUG:root:Order:17 2 2
DEBUG:root:Order:17 3 2
DEBUG:root:Order:17 21 2
DEBUG:root:Order:17 12 1
DEBUG:root:Finish turn

DEBUG:root:Order:8 3 2
DEBUG:root:Order:8 12 2
DEBUG:root:Order:8 21 2
DEBUG:root:Order:8 17 1
DEBUG:root:Finish turn

DEBUG:root:Order:2 3 2
DEBUG:root:Order:2 12 2
DEBUG:root:Order:2 21 2
DEBUG:root:Order:2 8 1
DEBUG:root:Finish turn

DEBUG:root:Order:9 3 3
DEBUG:root:Order:9 12 3
DEBUG:root:Order:9 21 3
DEBUG:root:Order:9 2 2
DEBUG:root:Finish turn

DEBUG:root:Order:10 9 4
DEBUG:root:Order:17 9 2
DEBUG:root:Order:17 3 2
DEBUG:root:Order:17 12 2
DEBUG:root:Order:17 21 2
DEBUG:root:Finish turn

DEBUG:root:Order:8 3 2
DEBUG:root:Order:8 12 2
DEBUG:root:Order:8 21 2
DEBUG:root:Order:8 17 1
DEBUG:root:Finish turn

DEBUG:root:Order:2 3 2
DEBUG:root:Order:2 12 2
DEBUG:root:Order:2 21 2
DEBUG:root:Order:2 8 5
DEBUG:root:Order:10 8 2
DEBUG:root:Order:9 8 1
DEBUG:root:Order:17 8 1
DEBUG:root:Finish turn

DEBUG:root:Order:17 5 79.0
DEBUG:root:Order:8 14 27
DEBUG:root:Order:9 14 18
DEBUG:root:Order:10 14 18
DEBUG:root:Order:3 14 2
DEBUG:root:Order:3 17 14
DEBUG:root:Order:12 17 14
DEBUG:root:Order:21 17 14
DEBUG:root:Order:2 17 13
DEBUG:root:Finish turn

DEBUG:root:Order:2 14 10
DEBUG:root:Order:8 14 10
DEBUG:root:Order:9 14 9
DEBUG:root:Order:10 14 9
DEBUG:root:Order:12 14 6
DEBUG:root:Order:21 14 6
DEBUG:root:Order:17 14 5
DEBUG:root:Order:3 14 4
DEBUG:root:Finish turn

DEBUG:root:Order:2 3 2
DEBUG:root:Order:2 12 2
DEBUG:root:Order:2 14 2
DEBUG:root:Order:2 21 2
DEBUG:root:Finish turn

DEBUG:root:Order:8 12 13
DEBUG:root:Order:17 12 13
DEBUG:root:Order:9 12 11
DEBUG:root:Order:10 12 11
DEBUG:root:Order:14 12 9
DEBUG:root:Order:3 12 7
DEBUG:root:Order:21 12 7
DEBUG:root:Order:2 12 5
DEBUG:root:Finish turn

DEBUG:root:Order:2 13 25
DEBUG:root:Order:8 13 25
DEBUG:root:Bad order:17 20.0 25
DEBUG:root:Order:9 13 24
DEBUG:root:Order:10 13 24
DEBUG:root:Bad order:14 4.0 23
DEBUG:root:Order:3 13 21
DEBUG:root:Order:21 13 21
DEBUG:root:Order:12 13 16
DEBUG:root:Finish turn

DEBUG:root:Order:17 3 7
DEBUG:root:Order:17 12 7
DEBUG:root:Order:17 21 7
DEBUG:root:Order:17 9 4
DEBUG:root:Order:17 10 4
DEBUG:root:Order:17 2 3
DEBUG:root:Order:17 8 3
DEBUG:root:Finish turn

DEBUG:root:Order:14 17 11
DEBUG:root:Order:14 3 2
DEBUG:root:Order:14 12 2
DEBUG:root:Order:14 21 2
DEBUG:root:Finish turn

DEBUG:root:Order:2 3 3
DEBUG:root:Order:2 12 3
DEBUG:root:Order:2 21 3
DEBUG:root:Finish turn

DEBUG:root:Order:8 2 4
DEBUG:root:Order:8 3 2
DEBUG:root:Order:8 12 2
DEBUG:root:Order:8 21 2
DEBUG:root:Order:8 14 4
DEBUG:root:Order:17 14 2
DEBUG:root:Order:9 14 1
DEBUG:root:Order:10 14 1
DEBUG:root:Finish turn

DEBUG:root:Order:14 8 7
DEBUG:root:Order:14 3 2
DEBUG:root:Order:14 12 2
DEBUG:root:Order:14 21 2
DEBUG:root:Finish turn

DEBUG:root:Order:17 14 4
DEBUG:root:Order:2 14 1
DEBUG:root:Order:2 3 2
DEBUG:root:Order:2 12 2
DEBUG:root:Order:2 21 2
DEBUG:root:Finish turn

DEBUG:root:Order:8 3 2
DEBUG:root:Order:8 12 2
DEBUG:root:Order:8 21 2
DEBUG:root:Order:8 2 1
DEBUG:root:Order:8 14 3
DEBUG:root:Order:9 14 3
DEBUG:root:Order:10 14 3
DEBUG:root:Order:17 14 2
DEBUG:root:Finish turn

DEBUG:root:Order:14 8 5
DEBUG:root:Order:14 3 3
DEBUG:root:Order:14 12 3
DEBUG:root:Order:14 21 3
DEBUG:root:Finish turn

DEBUG:root:Order:17 14 3
DEBUG:root:Order:2 14 1
DEBUG:root:Order:2 3 2
DEBUG:root:Order:2 12 2
DEBUG:root:Order:2 21 2
DEBUG:root:Finish turn

DEBUG:root:Order:8 2 2
DEBUG:root:Order:8 3 2
DEBUG:root:Order:8 12 2
DEBUG:root:Order:8 21 2
DEBUG:root:Order:8 14 3
DEBUG:root:Order:9 14 2
DEBUG:root:Order:10 14 2
DEBUG:root:Order:17 14 2
DEBUG:root:Finish turn

DEBUG:root:Order:12 6 79.0
DEBUG:root:Order:14 12 17
DEBUG:root:Order:17 12 11
DEBUG:root:Order:2 12 10
DEBUG:root:Order:9 12 10
DEBUG:root:Order:10 12 10
DEBUG:root:Order:3 12 6
DEBUG:root:Order:21 12 6
DEBUG:root:Order:8 12 3
DEBUG:root:Finish turn

DEBUG:root:Order:2 3 1
DEBUG:root:Order:8 3 1
DEBUG:root:Order:8 12 1
DEBUG:root:Order:17 12 1
DEBUG:root:Order:17 21 1
DEBUG:root:Finish turn

DEBUG:root:Order:2 21 2
DEBUG:root:Order:8 21 1
DEBUG:root:Order:8 3 1
DEBUG:root:Order:9 3 1
DEBUG:root:Order:9 12 1
DEBUG:root:Order:10 12 1
DEBUG:root:Order:10 14 1
DEBUG:root:Order:17 14 1
DEBUG:root:Finish turn

DEBUG:root:Order:2 3 2
DEBUG:root:Order:2 12 2
DEBUG:root:Order:2 21 2
DEBUG:root:Finish turn

DEBUG:root:Order:17 3 2
DEBUG:root:Order:17 12 2
DEBUG:root:Order:17 21 2
DEBUG:root:Order:17 2 1
DEBUG:root:Finish turn

DEBUG:root:Order:8 3 3
DEBUG:root:Order:8 12 3
DEBUG:root:Order:8 21 3
DEBUG:root:Order:8 17 1
DEBUG:root:Finish turn

DEBUG:root:Order:2 5 45
DEBUG:root:Order:9 5 45
DEBUG:root:Order:10 5 45
DEBUG:root:Order:17 5 44
DEBUG:root:Order:14 5 43
DEBUG:root:Order:3 5 40
DEBUG:root:Bad order:12 38.0 40
DEBUG:root:Order:21 5 40
DEBUG:root:Order:8 5 39
DEBUG:root:Finish turn

DEBUG:root:Order:12 5 38
DEBUG:root:Order:2 5 2
DEBUG:root:Order:8 5 2
DEBUG:root:Order:8 3 2
DEBUG:root:Order:8 21 2
DEBUG:root:Finish turn

DEBUG:root:Order:17 3 2
DEBUG:root:Order:17 8 2
DEBUG:root:Order:17 12 2
DEBUG:root:Order:17 21 2
DEBUG:root:Order:17 5 1
DEBUG:root:Order:17 14 3
DEBUG:root:Order:2 14 1
DEBUG:root:Order:9 14 1
DEBUG:root:Order:10 14 1
DEBUG:root:Finish turn

DEBUG:root:Order:14 17 5
DEBUG:root:Order:2 17 1
DEBUG:root:Order:2 3 2
DEBUG:root:Order:2 12 2
DEBUG:root:Order:2 21 2
DEBUG:root:Order:2 5 1
DEBUG:root:Finish turn

DEBUG:root:Order:8 2 3
DEBUG:root:Order:8 3 2
DEBUG:root:Order:8 12 2
DEBUG:root:Order:8 21 2
DEBUG:root:Order:8 5 1
DEBUG:root:Finish turn

DEBUG:root:Order:9 8 3
DEBUG:root:Order:10 8 1
DEBUG:root:Order:10 3 2
DEBUG:root:Order:10 21 2
DEBUG:root:Order:10 5 1
DEBUG:root:Finish turn

DEBUG:root:Order:17 3 3
DEBUG:root:Order:17 21 3
DEBUG:root:Order:17 10 2
DEBUG:root:Order:17 14 4
DEBUG:root:Order:2 14 2
DEBUG:root:Finish turn

DEBUG:root:Order:14 21 15
DEBUG:root:Order:2 21 12
DEBUG:root:Order:8 21 12
DEBUG:root:Order:9 21 11
DEBUG:root:Order:10 21 10
DEBUG:root:Order:3 21 7
DEBUG:root:Order:17 21 4
DEBUG:root:Finish turn

DEBUG:root:Order:2 21 1
DEBUG:root:Order:8 21 1
DEBUG:root:Order:17 21 1
DEBUG:root:Finish turn

DEBUG:root:Order:2 14 18
DEBUG:root:Order:8 14 18
DEBUG:root:Order:17 14 18
DEBUG:root:Order:9 14 17
DEBUG:root:Order:10 14 17
DEBUG:root:Order:3 14 11
DEBUG:root:Order:21 14 11
DEBUG:root:Finish turn

DEBUG:root:Order:2 14 2
DEBUG:root:Order:8 14 2
DEBUG:root:Order:17 14 1
DEBUG:root:Order:17 3 1
DEBUG:root:Order:17 21 1
DEBUG:root:Finish turn

DEBUG:root:Order:2 3 10
DEBUG:root:Order:8 3 10
DEBUG:root:Order:9 3 10
DEBUG:root:Order:10 3 10
DEBUG:root:Order:17 3 9
DEBUG:root:Order:14 3 7
DEBUG:root:Bad order:12 4.0 5
DEBUG:root:Order:21 3 5
DEBUG:root:Finish turn

DEBUG:root:Order:2 12 9
DEBUG:root:Order:8 12 9
DEBUG:root:Order:17 12 9
DEBUG:root:Order:9 12 8
DEBUG:root:Order:10 12 8
DEBUG:root:Order:14 12 7
DEBUG:root:Order:21 12 5
DEBUG:root:Finish turn

DEBUG:root:Order:2 12 2
DEBUG:root:Order:8 12 1
DEBUG:root:Order:8 3 2
DEBUG:root:Order:8 21 1
DEBUG:root:Finish turn

DEBUG:root:Order:17 3 3
DEBUG:root:Order:17 12 3
DEBUG:root:Order:17 21 3
DEBUG:root:Order:17 8 3
DEBUG:root:Order:2 8 1
DEBUG:root:Order:9 8 1
DEBUG:root:Order:10 8 1
DEBUG:root:Finish turn

DEBUG:root:Order:8 17 6
DEBUG:root:Order:8 3 2
DEBUG:root:Order:8 12 2
DEBUG:root:Order:8 21 2
DEBUG:root:Order:8 14 7
DEBUG:root:Order:2 14 2
DEBUG:root:Order:9 14 1
DEBUG:root:Order:10 14 1
DEBUG:root:Finish turn

DEBUG:root:Order:14 8 9
DEBUG:root:Order:14 3 2
DEBUG:root:Order:14 12 2
DEBUG:root:Order:14 21 2
DEBUG:root:Finish turn

DEBUG:root:Order:2 14 4
DEBUG:root:Order:2 3 2
DEBUG:root:Order:2 12 2
DEBUG:root:Order:2 21 2
DEBUG:root:Finish turn

DEBUG:root:Order:17 2 4
DEBUG:root:Order:17 3 3
DEBUG:root:Order:17 12 3
DEBUG:root:Order:17 21 3
DEBUG:root:Order:17 14 1
DEBUG:root:Finish turn

DEBUG:root:Order:8 17 4
DEBUG:root:Order:9 17 3
DEBUG:root:Order:9 3 2
DEBUG:root:Order:9 12 2
DEBUG:root:Order:9 21 2
DEBUG:root:Order:9 14 3
DEBUG:root:Order:10 14 3
DEBUG:root:Order:2 14 1
DEBUG:root:Finish turn

DEBUG:root:Order:14 9 6
DEBUG:root:Order:2 9 1
DEBUG:root:Order:2 3 2
DEBUG:root:Order:2 12 2
DEBUG:root:Order:2 21 2
DEBUG:root:Finish turn

DEBUG:root:Order:8 2 2
DEBUG:root:Order:8 3 2
DEBUG:root:Order:8 12 2
DEBUG:root:Order:8 21 2
DEBUG:root:Finish turn

DEBUG:root:Order:17 3 2
DEBUG:root:Order:17 12 2
DEBUG:root:Order:17 21 2
DEBUG:root:Order:17 8 1
DEBUG:root:Finish turn

DEBUG:root:Order:10 6 50
DEBUG:root:Order:2 6 49
DEBUG:root:Order:9 6 48
DEBUG:root:Order:8 6 47
DEBUG:root:Order:14 6 46
DEBUG:root:Order:17 6 46
DEBUG:root:Order:3 6 29
DEBUG:root:Order:3 12 43
DEBUG:root:Order:21 12 18
DEBUG:root:Finish turn

DEBUG:root:Order:21 3 23
DEBUG:root:Order:2 3 2
DEBUG:root:Order:8 3 2
DEBUG:root:Order:17 3 2
DEBUG:root:Order:9 3 1
DEBUG:root:Order:9 12 1
DEBUG:root:Order:10 12 1
DEBUG:root:Finish turn

DEBUG:root:Order:2 12 9
DEBUG:root:Order:8 12 9
DEBUG:root:Order:17 12 9
DEBUG:root:Order:10 12 8
DEBUG:root:Order:9 12 7
DEBUG:root:Order:14 12 7
DEBUG:root:Order:21 12 5
DEBUG:root:Order:3 12 4
DEBUG:root:Order:5 12 3
DEBUG:root:Finish turn

DEBUG:root:Order:2 21 7
DEBUG:root:Order:8 21 7
DEBUG:root:Order:17 21 7
DEBUG:root:Order:9 21 6
DEBUG:root:Order:10 21 6
DEBUG:root:Order:14 21 5
DEBUG:root:Order:5 21 4
DEBUG:root:Order:3 21 3
DEBUG:root:Order:12 21 3
DEBUG:root:Finish turn

DEBUG:root:Order:2 12 8
DEBUG:root:Order:8 12 8
DEBUG:root:Order:17 12 8
DEBUG:root:Order:9 12 7
DEBUG:root:Order:10 12 7
DEBUG:root:Order:14 12 6
DEBUG:root:Order:5 12 5
DEBUG:root:Order:3 12 4
DEBUG:root:Finish turn

DEBUG:root:Order:2 8 15
DEBUG:root:Order:17 8 15
DEBUG:root:Order:9 8 14
DEBUG:root:Order:10 8 14
DEBUG:root:Order:14 8 13
DEBUG:root:Order:5 8 12
DEBUG:root:Order:21 8 10
DEBUG:root:Order:12 8 3
DEBUG:root:Finish turn

DEBUG:root:Order:2 17 13
DEBUG:root:Order:9 17 12
DEBUG:root:Order:10 17 12
DEBUG:root:Order:8 17 11
DEBUG:root:Order:14 17 11
DEBUG:root:Order:5 17 10
DEBUG:root:Order:12 17 9
DEBUG:root:Order:21 17 9
DEBUG:root:Finish turn

DEBUG:root:Order:2 9 11
DEBUG:root:Order:8 9 11
DEBUG:root:Order:10 9 10
DEBUG:root:Order:5 9 8
DEBUG:root:Order:12 9 7
DEBUG:root:Order:21 9 7
DEBUG:root:Order:17 9 6
DEBUG:root:Finish turn

DEBUG:root:Bad order:3 15.0 28
DEBUG:root:Order:14 9 12
DEBUG:root:Order:2 9 6
DEBUG:root:Order:8 9 6
DEBUG:root:Order:17 9 6
DEBUG:root:Order:10 9 5
DEBUG:root:Order:5 9 3
DEBUG:root:Order:12 9 2
DEBUG:root:Order:21 9 2
DEBUG:root:Finish turn

DEBUG:root:Bad order:3 18.0 27
DEBUG:root:Order:2 9 3
DEBUG:root:Order:8 9 3
DEBUG:root:Order:17 9 3
DEBUG:root:Order:10 9 2
DEBUG:root:Order:14 9 1
DEBUG:root:Finish turn

DEBUG:root:Bad order:3 19.0 31
DEBUG:root:Order:2 14 8
DEBUG:root:Order:8 14 8
DEBUG:root:Order:17 14 8
DEBUG:root:Order:10 14 7
DEBUG:root:Order:12 14 3
DEBUG:root:Order:21 14 3
DEBUG:root:Finish turn

DEBUG:root:Bad order:3 30.0 35
DEBUG:root:Order:2 14 8
DEBUG:root:Order:8 14 8
DEBUG:root:Order:17 14 8
DEBUG:root:Order:10 14 7
DEBUG:root:Order:12 14 4
DEBUG:root:Order:21 14 4
DEBUG:root:Finish turn

DEBUG:root:Bad order:3 33.0 40
DEBUG:root:Bad order:2 5.0 9
DEBUG:root:Order:8 10 9
DEBUG:root:Order:17 10 9
DEBUG:root:Order:12 10 5
DEBUG:root:Order:21 10 5
DEBUG:root:Order:9 10 2
DEBUG:root:Finish turn

DEBUG:root:Bad order:3 34.0 45
DEBUG:root:Bad order:2 10.0 18
DEBUG:root:Order:8 10 9
DEBUG:root:Order:17 10 9
DEBUG:root:Order:9 10 8
DEBUG:root:Order:12 10 5
DEBUG:root:Order:21 10 5
DEBUG:root:Finish turn

DEBUG:root:Bad order:3 35.0 50
DEBUG:root:Bad order:2 15.0 27
DEBUG:root:Order:8 10 9
DEBUG:root:Order:17 10 9
DEBUG:root:Order:9 10 8
DEBUG:root:Order:12 10 5
DEBUG:root:Order:21 10 5
DEBUG:root:Finish turn

DEBUG:root:Bad order:3 36.0 56
DEBUG:root:Bad order:2 20.0 37
DEBUG:root:Order:8 10 10
DEBUG:root:Order:17 10 10
DEBUG:root:Order:9 10 9
DEBUG:root:Order:12 10 6
DEBUG:root:Order:21 10 6
DEBUG:root:Finish turn

DEBUG:root:Bad order:3 37.0 61
DEBUG:root:Bad order:2 25.0 46
DEBUG:root:Order:8 10 9
DEBUG:root:Order:17 10 9
DEBUG:root:Bad order:9 7.0 8
DEBUG:root:Order:14 10 6
DEBUG:root:Order:12 10 5
DEBUG:root:Order:21 10 5
DEBUG:root:Finish turn

DEBUG:root:Bad order:3 38.0 66
DEBUG:root:Bad order:2 30.0 55
DEBUG:root:Order:8 10 9
DEBUG:root:Order:17 10 9
DEBUG:root:Order:14 10 7
DEBUG:root:Order:12 10 5
DEBUG:root:Order:21 10 5
DEBUG:root:Finish turn

DEBUG:root:Bad order:3 39.0 72
DEBUG:root:Bad order:2 35.0 65
DEBUG:root:Order:8 9 10
DEBUG:root:Order:17 9 10
DEBUG:root:Order:14 9 8
DEBUG:root:Order:12 9 6
DEBUG:root:Finish turn

DEBUG:root:Bad order:3 42.0 55
DEBUG:root:Bad order:2 40.0 52
DEBUG:root:Finish turn

DEBUG:root:Bad order:2 45.0 72
DEBUG:root:Bad order:3 43.0 71
DEBUG:root:Order:14 10 3
DEBUG:root:Finish turn

DEBUG:root:Bad order:2 50.0 92
DEBUG:root:Bad order:3 44.0 87
DEBUG:root:Order:14 10 18
DEBUG:root:Order:12 10 15
DEBUG:root:Finish turn

DEBUG:root:Bad order:2 55.0 108
DEBUG:root:Order:3 10 27
DEBUG:root:Order:14 10 14
DEBUG:root:Order:12 10 12
DEBUG:root:Finish turn

DEBUG:root:Bad order:2 60.0 91
DEBUG:root:Bad order:2 60.0 73
DEBUG:root:Finish turn

DEBUG:root:Bad order:2 65.0 134
DEBUG:root:Order:2 10 64
DEBUG:root:Finish turn

DEBUG:root:Bad order:6 61.0 129
DEBUG:root:Bad order:2 6.0 84
DEBUG:root:Order:12 3 28
DEBUG:root:Finish turn

DEBUG:root:Bad order:6 63.0 153
DEBUG:root:Order:12 3 23
DEBUG:root:Bad order:2 11.0 14
DEBUG:root:Finish turn

DEBUG:root:Bad order:6 65.0 149
DEBUG:root:Order:6 2 43
DEBUG:root:Finish turn

DEBUG:root:Bad order:6 24.0 165
DEBUG:root:Bad order:2 21.0 38
DEBUG:root:Finish turn

DEBUG:root:Bad order:6 26.0 193
DEBUG:root:Bad order:2 26.0 69
DEBUG:root:Finish turn

DEBUG:root:Bad order:6 18.0 60
DEBUG:root:Finish turn

DEBUG:root:Bad order:6 20.0 24
DEBUG:root:Finish turn

DEBUG:root:Order:2 6 22
DEBUG:root:Finish turn

DEBUG:root:Bad order:2 19.0 51
DEBUG:root:Finish turn

DEBUG:root:Order:2 6 8
DEBUG:root:Finish turn

DEBUG:root:Bad order:2 1.0 49
DEBUG:root:Finish turn

DEBUG:root:Bad order:2 6.0 8
DEBUG:root:Finish turn

DEBUG:root:Bad order:6 12.0 35
DEBUG:root:Finish turn

DEBUG:root:Finish turn

DEBUG:root:Finish turn

DEBUG:root:Finish turn

DEBUG:root:Finish turn

DEBUG:root:Finish turn

DEBUG:root:Finish turn

DEBUG:root:Finish turn

DEBUG:root:Finish turn

DEBUG:root:Finish turn

DEBUG:root:Finish turn

DEBUG:root:Finish turn

DEBUG:root:Finish turn

DEBUG:root:Finish turn

DEBUG:root:Finish turn

DEBUG:root:Finish turn

DEBUG:root:Finish turn

DEBUG:root:Finish turn

DEBUG:root:Finish turn

