INFO:root:
Selector: High Level Ordering of Strategies
| Sequence: Offensive Strategy
| | Check: if_enemy_planet_snipable
| | Action: like_agressive
| Sequence: Hijack Plan
| | Check: is_neutral_planet_under_attack
| | Action: send_reinforcements_to_neutral_planet_under_attack
| Sequence: Defensive Strategy
| | Check: is_friendly_planet_under_attack
| | Action: send_many_reinforcements_to_planets_under_attack
| Sequence: Spread Strategy
| | Check: if_neutral_planet_available
| | Action: spread_many_to_closest_planet
| Sequence: Conquest
| | Check: have_largest_fleet
| | Action: all_out_attack
| Action: like_agressive

DEBUG:root:Executing:Selector: High Level Ordering of Strategies
DEBUG:root:Executing:Sequence: Offensive Strategy
DEBUG:root:Executing:Check: if_enemy_planet_snipable
DEBUG:root:Result: Check: if_enemy_planet_snipable -> Failure
DEBUG:root:Result: Sequence: Offensive Strategy -> Failure
DEBUG:root:Executing:Sequence: Hijack Plan
DEBUG:root:Executing:Check: is_neutral_planet_under_attack
DEBUG:root:Result: Check: is_neutral_planet_under_attack -> Failure
DEBUG:root:Result: Sequence: Hijack Plan -> Failure
DEBUG:root:Executing:Sequence: Defensive Strategy
DEBUG:root:Executing:Check: is_friendly_planet_under_attack
DEBUG:root:Result: Check: is_friendly_planet_under_attack -> Failure
DEBUG:root:Result: Sequence: Defensive Strategy -> Failure
DEBUG:root:Executing:Sequence: Spread Strategy
DEBUG:root:Executing:Check: if_neutral_planet_available
DEBUG:root:Result: Check: if_neutral_planet_available -> Success
DEBUG:root:Executing:Action: spread_many_to_closest_planet
DEBUG:root:Order:1 4 82.0
DEBUG:root:Result: Action: spread_many_to_closest_planet -> Failure
DEBUG:root:Result: Sequence: Spread Strategy -> Failure
DEBUG:root:Executing:Sequence: Conquest
DEBUG:root:Executing:Check: have_largest_fleet
DEBUG:root:Result: Check: have_largest_fleet -> Failure
DEBUG:root:Result: Sequence: Conquest -> Failure
DEBUG:root:Executing:Action: like_agressive
DEBUG:root:Result: Action: like_agressive -> Success
DEBUG:root:Result: Selector: High Level Ordering of Strategies -> Success
DEBUG:root:Finish turn

DEBUG:root:Executing:Selector: High Level Ordering of Strategies
DEBUG:root:Executing:Sequence: Offensive Strategy
DEBUG:root:Executing:Check: if_enemy_planet_snipable
DEBUG:root:Result: Check: if_enemy_planet_snipable -> Success
DEBUG:root:Executing:Action: like_agressive
DEBUG:root:Result: Action: like_agressive -> Success
DEBUG:root:Result: Sequence: Offensive Strategy -> Success
DEBUG:root:Result: Selector: High Level Ordering of Strategies -> Success
DEBUG:root:Finish turn

DEBUG:root:Executing:Selector: High Level Ordering of Strategies
DEBUG:root:Executing:Sequence: Offensive Strategy
DEBUG:root:Executing:Check: if_enemy_planet_snipable
DEBUG:root:Result: Check: if_enemy_planet_snipable -> Success
DEBUG:root:Executing:Action: like_agressive
DEBUG:root:Result: Action: like_agressive -> Success
DEBUG:root:Result: Sequence: Offensive Strategy -> Success
DEBUG:root:Result: Selector: High Level Ordering of Strategies -> Success
DEBUG:root:Finish turn

DEBUG:root:Executing:Selector: High Level Ordering of Strategies
DEBUG:root:Executing:Sequence: Offensive Strategy
DEBUG:root:Executing:Check: if_enemy_planet_snipable
DEBUG:root:Result: Check: if_enemy_planet_snipable -> Success
DEBUG:root:Executing:Action: like_agressive
DEBUG:root:Result: Action: like_agressive -> Success
DEBUG:root:Result: Sequence: Offensive Strategy -> Success
DEBUG:root:Result: Selector: High Level Ordering of Strategies -> Success
DEBUG:root:Finish turn

DEBUG:root:Executing:Selector: High Level Ordering of Strategies
DEBUG:root:Executing:Sequence: Offensive Strategy
DEBUG:root:Executing:Check: if_enemy_planet_snipable
DEBUG:root:Result: Check: if_enemy_planet_snipable -> Success
DEBUG:root:Executing:Action: like_agressive
DEBUG:root:Result: Action: like_agressive -> Success
DEBUG:root:Result: Sequence: Offensive Strategy -> Success
DEBUG:root:Result: Selector: High Level Ordering of Strategies -> Success
DEBUG:root:Finish turn

DEBUG:root:Executing:Selector: High Level Ordering of Strategies
DEBUG:root:Executing:Sequence: Offensive Strategy
DEBUG:root:Executing:Check: if_enemy_planet_snipable
DEBUG:root:Result: Check: if_enemy_planet_snipable -> Success
DEBUG:root:Executing:Action: like_agressive
DEBUG:root:Result: Action: like_agressive -> Success
DEBUG:root:Result: Sequence: Offensive Strategy -> Success
DEBUG:root:Result: Selector: High Level Ordering of Strategies -> Success
DEBUG:root:Finish turn

DEBUG:root:Executing:Selector: High Level Ordering of Strategies
DEBUG:root:Executing:Sequence: Offensive Strategy
DEBUG:root:Executing:Check: if_enemy_planet_snipable
DEBUG:root:Result: Check: if_enemy_planet_snipable -> Success
DEBUG:root:Executing:Action: like_agressive
DEBUG:root:Order:1 9 26.0
DEBUG:root:Result: Action: like_agressive -> Success
DEBUG:root:Result: Sequence: Offensive Strategy -> Success
DEBUG:root:Result: Selector: High Level Ordering of Strategies -> Success
DEBUG:root:Finish turn

DEBUG:root:Executing:Selector: High Level Ordering of Strategies
DEBUG:root:Executing:Sequence: Offensive Strategy
DEBUG:root:Executing:Check: if_enemy_planet_snipable
DEBUG:root:Result: Check: if_enemy_planet_snipable -> Success
DEBUG:root:Executing:Action: like_agressive
DEBUG:root:Result: Action: like_agressive -> Success
DEBUG:root:Result: Sequence: Offensive Strategy -> Success
DEBUG:root:Result: Selector: High Level Ordering of Strategies -> Success
DEBUG:root:Finish turn

DEBUG:root:Executing:Selector: High Level Ordering of Strategies
DEBUG:root:Executing:Sequence: Offensive Strategy
DEBUG:root:Executing:Check: if_enemy_planet_snipable
DEBUG:root:Result: Check: if_enemy_planet_snipable -> Success
DEBUG:root:Executing:Action: like_agressive
DEBUG:root:Result: Action: like_agressive -> Success
DEBUG:root:Result: Sequence: Offensive Strategy -> Success
DEBUG:root:Result: Selector: High Level Ordering of Strategies -> Success
DEBUG:root:Finish turn

DEBUG:root:Executing:Selector: High Level Ordering of Strategies
DEBUG:root:Executing:Sequence: Offensive Strategy
DEBUG:root:Executing:Check: if_enemy_planet_snipable
DEBUG:root:Result: Check: if_enemy_planet_snipable -> Success
DEBUG:root:Executing:Action: like_agressive
DEBUG:root:Order:1 17 36.0
DEBUG:root:Result: Action: like_agressive -> Success
DEBUG:root:Result: Sequence: Offensive Strategy -> Success
DEBUG:root:Result: Selector: High Level Ordering of Strategies -> Success
DEBUG:root:Finish turn

DEBUG:root:Executing:Selector: High Level Ordering of Strategies
DEBUG:root:Executing:Sequence: Offensive Strategy
DEBUG:root:Executing:Check: if_enemy_planet_snipable
DEBUG:root:Result: Check: if_enemy_planet_snipable -> Success
DEBUG:root:Executing:Action: like_agressive
DEBUG:root:Result: Action: like_agressive -> Success
DEBUG:root:Result: Sequence: Offensive Strategy -> Success
DEBUG:root:Result: Selector: High Level Ordering of Strategies -> Success
DEBUG:root:Finish turn

DEBUG:root:Executing:Selector: High Level Ordering of Strategies
DEBUG:root:Executing:Sequence: Offensive Strategy
DEBUG:root:Executing:Check: if_enemy_planet_snipable
DEBUG:root:Result: Check: if_enemy_planet_snipable -> Success
DEBUG:root:Executing:Action: like_agressive
DEBUG:root:Result: Action: like_agressive -> Success
DEBUG:root:Result: Sequence: Offensive Strategy -> Success
DEBUG:root:Result: Selector: High Level Ordering of Strategies -> Success
DEBUG:root:Finish turn

DEBUG:root:Executing:Selector: High Level Ordering of Strategies
DEBUG:root:Executing:Sequence: Offensive Strategy
DEBUG:root:Executing:Check: if_enemy_planet_snipable
DEBUG:root:Result: Check: if_enemy_planet_snipable -> Success
DEBUG:root:Executing:Action: like_agressive
DEBUG:root:Result: Action: like_agressive -> Success
DEBUG:root:Result: Sequence: Offensive Strategy -> Success
DEBUG:root:Result: Selector: High Level Ordering of Strategies -> Success
DEBUG:root:Finish turn

DEBUG:root:Executing:Selector: High Level Ordering of Strategies
DEBUG:root:Executing:Sequence: Offensive Strategy
DEBUG:root:Executing:Check: if_enemy_planet_snipable
DEBUG:root:Result: Check: if_enemy_planet_snipable -> Success
DEBUG:root:Executing:Action: like_agressive
DEBUG:root:Result: Action: like_agressive -> Success
DEBUG:root:Result: Sequence: Offensive Strategy -> Success
DEBUG:root:Result: Selector: High Level Ordering of Strategies -> Success
DEBUG:root:Finish turn

DEBUG:root:Executing:Selector: High Level Ordering of Strategies
DEBUG:root:Executing:Sequence: Offensive Strategy
DEBUG:root:Executing:Check: if_enemy_planet_snipable
DEBUG:root:Result: Check: if_enemy_planet_snipable -> Success
DEBUG:root:Executing:Action: like_agressive
DEBUG:root:Result: Action: like_agressive -> Success
DEBUG:root:Result: Sequence: Offensive Strategy -> Success
DEBUG:root:Result: Selector: High Level Ordering of Strategies -> Success
DEBUG:root:Finish turn

DEBUG:root:Executing:Selector: High Level Ordering of Strategies
DEBUG:root:Executing:Sequence: Offensive Strategy
DEBUG:root:Executing:Check: if_enemy_planet_snipable
DEBUG:root:Result: Check: if_enemy_planet_snipable -> Success
DEBUG:root:Executing:Action: like_agressive
DEBUG:root:Result: Action: like_agressive -> Success
DEBUG:root:Result: Sequence: Offensive Strategy -> Success
DEBUG:root:Result: Selector: High Level Ordering of Strategies -> Success
DEBUG:root:Finish turn

DEBUG:root:Executing:Selector: High Level Ordering of Strategies
DEBUG:root:Executing:Sequence: Offensive Strategy
DEBUG:root:Executing:Check: if_enemy_planet_snipable
DEBUG:root:Result: Check: if_enemy_planet_snipable -> Success
DEBUG:root:Executing:Action: like_agressive
DEBUG:root:Result: Action: like_agressive -> Success
DEBUG:root:Result: Sequence: Offensive Strategy -> Success
DEBUG:root:Result: Selector: High Level Ordering of Strategies -> Success
DEBUG:root:Finish turn

DEBUG:root:Executing:Selector: High Level Ordering of Strategies
DEBUG:root:Executing:Sequence: Offensive Strategy
DEBUG:root:Executing:Check: if_enemy_planet_snipable
DEBUG:root:Result: Check: if_enemy_planet_snipable -> Success
DEBUG:root:Executing:Action: like_agressive
DEBUG:root:Result: Action: like_agressive -> Success
DEBUG:root:Result: Sequence: Offensive Strategy -> Success
DEBUG:root:Result: Selector: High Level Ordering of Strategies -> Success
DEBUG:root:Finish turn

DEBUG:root:Executing:Selector: High Level Ordering of Strategies
DEBUG:root:Executing:Sequence: Offensive Strategy
DEBUG:root:Executing:Check: if_enemy_planet_snipable
DEBUG:root:Result: Check: if_enemy_planet_snipable -> Success
DEBUG:root:Executing:Action: like_agressive
DEBUG:root:Order:4 12 32.0
DEBUG:root:Result: Action: like_agressive -> Success
DEBUG:root:Result: Sequence: Offensive Strategy -> Success
DEBUG:root:Result: Selector: High Level Ordering of Strategies -> Success
DEBUG:root:Finish turn

DEBUG:root:Executing:Selector: High Level Ordering of Strategies
DEBUG:root:Executing:Sequence: Offensive Strategy
DEBUG:root:Executing:Check: if_enemy_planet_snipable
DEBUG:root:Result: Check: if_enemy_planet_snipable -> Success
DEBUG:root:Executing:Action: like_agressive
DEBUG:root:Result: Action: like_agressive -> Success
DEBUG:root:Result: Sequence: Offensive Strategy -> Success
DEBUG:root:Result: Selector: High Level Ordering of Strategies -> Success
DEBUG:root:Finish turn

DEBUG:root:Executing:Selector: High Level Ordering of Strategies
DEBUG:root:Executing:Sequence: Offensive Strategy
DEBUG:root:Executing:Check: if_enemy_planet_snipable
DEBUG:root:Result: Check: if_enemy_planet_snipable -> Success
DEBUG:root:Executing:Action: like_agressive
DEBUG:root:Order:1 5 25.0
DEBUG:root:Result: Action: like_agressive -> Success
DEBUG:root:Result: Sequence: Offensive Strategy -> Success
DEBUG:root:Result: Selector: High Level Ordering of Strategies -> Success
DEBUG:root:Finish turn

DEBUG:root:Executing:Selector: High Level Ordering of Strategies
DEBUG:root:Executing:Sequence: Offensive Strategy
DEBUG:root:Executing:Check: if_enemy_planet_snipable
DEBUG:root:Result: Check: if_enemy_planet_snipable -> Success
DEBUG:root:Executing:Action: like_agressive
DEBUG:root:Order:1 18 18.0
DEBUG:root:Result: Action: like_agressive -> Success
DEBUG:root:Result: Sequence: Offensive Strategy -> Success
DEBUG:root:Result: Selector: High Level Ordering of Strategies -> Success
DEBUG:root:Finish turn

DEBUG:root:Executing:Selector: High Level Ordering of Strategies
DEBUG:root:Executing:Sequence: Offensive Strategy
DEBUG:root:Executing:Check: if_enemy_planet_snipable
DEBUG:root:Result: Check: if_enemy_planet_snipable -> Success
DEBUG:root:Executing:Action: like_agressive
DEBUG:root:Result: Action: like_agressive -> Success
DEBUG:root:Result: Sequence: Offensive Strategy -> Success
DEBUG:root:Result: Selector: High Level Ordering of Strategies -> Success
DEBUG:root:Finish turn

DEBUG:root:Executing:Selector: High Level Ordering of Strategies
DEBUG:root:Executing:Sequence: Offensive Strategy
DEBUG:root:Executing:Check: if_enemy_planet_snipable
DEBUG:root:Result: Check: if_enemy_planet_snipable -> Success
DEBUG:root:Executing:Action: like_agressive
DEBUG:root:Result: Action: like_agressive -> Success
DEBUG:root:Result: Sequence: Offensive Strategy -> Success
DEBUG:root:Result: Selector: High Level Ordering of Strategies -> Success
DEBUG:root:Finish turn

DEBUG:root:Executing:Selector: High Level Ordering of Strategies
DEBUG:root:Executing:Sequence: Offensive Strategy
DEBUG:root:Executing:Check: if_enemy_planet_snipable
DEBUG:root:Result: Check: if_enemy_planet_snipable -> Success
DEBUG:root:Executing:Action: like_agressive
DEBUG:root:Result: Action: like_agressive -> Success
DEBUG:root:Result: Sequence: Offensive Strategy -> Success
DEBUG:root:Result: Selector: High Level Ordering of Strategies -> Success
DEBUG:root:Finish turn

DEBUG:root:Executing:Selector: High Level Ordering of Strategies
DEBUG:root:Executing:Sequence: Offensive Strategy
DEBUG:root:Executing:Check: if_enemy_planet_snipable
DEBUG:root:Result: Check: if_enemy_planet_snipable -> Success
DEBUG:root:Executing:Action: like_agressive
DEBUG:root:Result: Action: like_agressive -> Success
DEBUG:root:Result: Sequence: Offensive Strategy -> Success
DEBUG:root:Result: Selector: High Level Ordering of Strategies -> Success
DEBUG:root:Finish turn

DEBUG:root:Executing:Selector: High Level Ordering of Strategies
DEBUG:root:Executing:Sequence: Offensive Strategy
DEBUG:root:Executing:Check: if_enemy_planet_snipable
DEBUG:root:Result: Check: if_enemy_planet_snipable -> Success
DEBUG:root:Executing:Action: like_agressive
DEBUG:root:Result: Action: like_agressive -> Success
DEBUG:root:Result: Sequence: Offensive Strategy -> Success
DEBUG:root:Result: Selector: High Level Ordering of Strategies -> Success
DEBUG:root:Finish turn

DEBUG:root:Executing:Selector: High Level Ordering of Strategies
DEBUG:root:Executing:Sequence: Offensive Strategy
DEBUG:root:Executing:Check: if_enemy_planet_snipable
DEBUG:root:Result: Check: if_enemy_planet_snipable -> Success
DEBUG:root:Executing:Action: like_agressive
DEBUG:root:Order:1 4 20.0
DEBUG:root:Result: Action: like_agressive -> Success
DEBUG:root:Result: Sequence: Offensive Strategy -> Success
DEBUG:root:Result: Selector: High Level Ordering of Strategies -> Success
DEBUG:root:Finish turn

DEBUG:root:Executing:Selector: High Level Ordering of Strategies
DEBUG:root:Executing:Sequence: Offensive Strategy
DEBUG:root:Executing:Check: if_enemy_planet_snipable
DEBUG:root:Result: Check: if_enemy_planet_snipable -> Success
DEBUG:root:Executing:Action: like_agressive
DEBUG:root:Result: Action: like_agressive -> Success
DEBUG:root:Result: Sequence: Offensive Strategy -> Success
DEBUG:root:Result: Selector: High Level Ordering of Strategies -> Success
DEBUG:root:Finish turn

DEBUG:root:Executing:Selector: High Level Ordering of Strategies
DEBUG:root:Executing:Sequence: Offensive Strategy
DEBUG:root:Executing:Check: if_enemy_planet_snipable
DEBUG:root:Result: Check: if_enemy_planet_snipable -> Success
DEBUG:root:Executing:Action: like_agressive
DEBUG:root:Result: Action: like_agressive -> Success
DEBUG:root:Result: Sequence: Offensive Strategy -> Success
DEBUG:root:Result: Selector: High Level Ordering of Strategies -> Success
DEBUG:root:Finish turn

DEBUG:root:Executing:Selector: High Level Ordering of Strategies
DEBUG:root:Executing:Sequence: Offensive Strategy
DEBUG:root:Executing:Check: if_enemy_planet_snipable
DEBUG:root:Result: Check: if_enemy_planet_snipable -> Success
DEBUG:root:Executing:Action: like_agressive
DEBUG:root:Result: Action: like_agressive -> Success
DEBUG:root:Result: Sequence: Offensive Strategy -> Success
DEBUG:root:Result: Selector: High Level Ordering of Strategies -> Success
DEBUG:root:Finish turn

DEBUG:root:Executing:Selector: High Level Ordering of Strategies
DEBUG:root:Executing:Sequence: Offensive Strategy
DEBUG:root:Executing:Check: if_enemy_planet_snipable
DEBUG:root:Result: Check: if_enemy_planet_snipable -> Success
DEBUG:root:Executing:Action: like_agressive
DEBUG:root:Result: Action: like_agressive -> Success
DEBUG:root:Result: Sequence: Offensive Strategy -> Success
DEBUG:root:Result: Selector: High Level Ordering of Strategies -> Success
DEBUG:root:Finish turn

DEBUG:root:Executing:Selector: High Level Ordering of Strategies
DEBUG:root:Executing:Sequence: Offensive Strategy
DEBUG:root:Executing:Check: if_enemy_planet_snipable
DEBUG:root:Result: Check: if_enemy_planet_snipable -> Success
DEBUG:root:Executing:Action: like_agressive
DEBUG:root:Result: Action: like_agressive -> Success
DEBUG:root:Result: Sequence: Offensive Strategy -> Success
DEBUG:root:Result: Selector: High Level Ordering of Strategies -> Success
DEBUG:root:Finish turn

DEBUG:root:Executing:Selector: High Level Ordering of Strategies
DEBUG:root:Executing:Sequence: Offensive Strategy
DEBUG:root:Executing:Check: if_enemy_planet_snipable
DEBUG:root:Result: Check: if_enemy_planet_snipable -> Success
DEBUG:root:Executing:Action: like_agressive
DEBUG:root:Order:12 0 14.0
DEBUG:root:Result: Action: like_agressive -> Success
DEBUG:root:Result: Sequence: Offensive Strategy -> Success
DEBUG:root:Result: Selector: High Level Ordering of Strategies -> Success
DEBUG:root:Finish turn

DEBUG:root:Executing:Selector: High Level Ordering of Strategies
DEBUG:root:Executing:Sequence: Offensive Strategy
DEBUG:root:Executing:Check: if_enemy_planet_snipable
DEBUG:root:Result: Check: if_enemy_planet_snipable -> Success
DEBUG:root:Executing:Action: like_agressive
DEBUG:root:Result: Action: like_agressive -> Success
DEBUG:root:Result: Sequence: Offensive Strategy -> Success
DEBUG:root:Result: Selector: High Level Ordering of Strategies -> Success
DEBUG:root:Finish turn

DEBUG:root:Executing:Selector: High Level Ordering of Strategies
DEBUG:root:Executing:Sequence: Offensive Strategy
DEBUG:root:Executing:Check: if_enemy_planet_snipable
DEBUG:root:Result: Check: if_enemy_planet_snipable -> Success
DEBUG:root:Executing:Action: like_agressive
DEBUG:root:Order:12 17 16.0
DEBUG:root:Result: Action: like_agressive -> Success
DEBUG:root:Result: Sequence: Offensive Strategy -> Success
DEBUG:root:Result: Selector: High Level Ordering of Strategies -> Success
DEBUG:root:Finish turn

DEBUG:root:Executing:Selector: High Level Ordering of Strategies
DEBUG:root:Executing:Sequence: Offensive Strategy
DEBUG:root:Executing:Check: if_enemy_planet_snipable
DEBUG:root:Result: Check: if_enemy_planet_snipable -> Success
DEBUG:root:Executing:Action: like_agressive
DEBUG:root:Result: Action: like_agressive -> Success
DEBUG:root:Result: Sequence: Offensive Strategy -> Success
DEBUG:root:Result: Selector: High Level Ordering of Strategies -> Success
DEBUG:root:Finish turn

DEBUG:root:Executing:Selector: High Level Ordering of Strategies
DEBUG:root:Executing:Sequence: Offensive Strategy
DEBUG:root:Executing:Check: if_enemy_planet_snipable
DEBUG:root:Result: Check: if_enemy_planet_snipable -> Success
DEBUG:root:Executing:Action: like_agressive
DEBUG:root:Order:4 6 12.0
DEBUG:root:Result: Action: like_agressive -> Success
DEBUG:root:Result: Sequence: Offensive Strategy -> Success
DEBUG:root:Result: Selector: High Level Ordering of Strategies -> Success
DEBUG:root:Finish turn

DEBUG:root:Executing:Selector: High Level Ordering of Strategies
DEBUG:root:Executing:Sequence: Offensive Strategy
DEBUG:root:Executing:Check: if_enemy_planet_snipable
DEBUG:root:Result: Check: if_enemy_planet_snipable -> Success
DEBUG:root:Executing:Action: like_agressive
DEBUG:root:Result: Action: like_agressive -> Success
DEBUG:root:Result: Sequence: Offensive Strategy -> Success
DEBUG:root:Result: Selector: High Level Ordering of Strategies -> Success
DEBUG:root:Finish turn

DEBUG:root:Executing:Selector: High Level Ordering of Strategies
DEBUG:root:Executing:Sequence: Offensive Strategy
DEBUG:root:Executing:Check: if_enemy_planet_snipable
DEBUG:root:Result: Check: if_enemy_planet_snipable -> Success
DEBUG:root:Executing:Action: like_agressive
DEBUG:root:Result: Action: like_agressive -> Success
DEBUG:root:Result: Sequence: Offensive Strategy -> Success
DEBUG:root:Result: Selector: High Level Ordering of Strategies -> Success
DEBUG:root:Finish turn

DEBUG:root:Executing:Selector: High Level Ordering of Strategies
DEBUG:root:Executing:Sequence: Offensive Strategy
DEBUG:root:Executing:Check: if_enemy_planet_snipable
DEBUG:root:Result: Check: if_enemy_planet_snipable -> Success
DEBUG:root:Executing:Action: like_agressive
DEBUG:root:Result: Action: like_agressive -> Success
DEBUG:root:Result: Sequence: Offensive Strategy -> Success
DEBUG:root:Result: Selector: High Level Ordering of Strategies -> Success
DEBUG:root:Finish turn

DEBUG:root:Executing:Selector: High Level Ordering of Strategies
DEBUG:root:Executing:Sequence: Offensive Strategy
DEBUG:root:Executing:Check: if_enemy_planet_snipable
DEBUG:root:Result: Check: if_enemy_planet_snipable -> Success
DEBUG:root:Executing:Action: like_agressive
DEBUG:root:Order:12 4 32.0
DEBUG:root:Result: Action: like_agressive -> Success
DEBUG:root:Result: Sequence: Offensive Strategy -> Success
DEBUG:root:Result: Selector: High Level Ordering of Strategies -> Success
DEBUG:root:Finish turn

DEBUG:root:Executing:Selector: High Level Ordering of Strategies
DEBUG:root:Executing:Sequence: Offensive Strategy
DEBUG:root:Executing:Check: if_enemy_planet_snipable
DEBUG:root:Result: Check: if_enemy_planet_snipable -> Success
DEBUG:root:Executing:Action: like_agressive
DEBUG:root:Result: Action: like_agressive -> Success
DEBUG:root:Result: Sequence: Offensive Strategy -> Success
DEBUG:root:Result: Selector: High Level Ordering of Strategies -> Success
DEBUG:root:Finish turn

DEBUG:root:Executing:Selector: High Level Ordering of Strategies
DEBUG:root:Executing:Sequence: Offensive Strategy
DEBUG:root:Executing:Check: if_enemy_planet_snipable
DEBUG:root:Result: Check: if_enemy_planet_snipable -> Success
DEBUG:root:Executing:Action: like_agressive
DEBUG:root:Result: Action: like_agressive -> Success
DEBUG:root:Result: Sequence: Offensive Strategy -> Success
DEBUG:root:Result: Selector: High Level Ordering of Strategies -> Success
DEBUG:root:Finish turn

DEBUG:root:Executing:Selector: High Level Ordering of Strategies
DEBUG:root:Executing:Sequence: Offensive Strategy
DEBUG:root:Executing:Check: if_enemy_planet_snipable
DEBUG:root:Result: Check: if_enemy_planet_snipable -> Success
DEBUG:root:Executing:Action: like_agressive
DEBUG:root:Order:1 11 98.0
DEBUG:root:Result: Action: like_agressive -> Success
DEBUG:root:Result: Sequence: Offensive Strategy -> Success
DEBUG:root:Result: Selector: High Level Ordering of Strategies -> Success
DEBUG:root:Finish turn

DEBUG:root:Executing:Selector: High Level Ordering of Strategies
DEBUG:root:Executing:Sequence: Offensive Strategy
DEBUG:root:Executing:Check: if_enemy_planet_snipable
DEBUG:root:Result: Check: if_enemy_planet_snipable -> Success
DEBUG:root:Executing:Action: like_agressive
DEBUG:root:Order:0 9 16.0
DEBUG:root:Result: Action: like_agressive -> Success
DEBUG:root:Result: Sequence: Offensive Strategy -> Success
DEBUG:root:Result: Selector: High Level Ordering of Strategies -> Success
DEBUG:root:Finish turn

DEBUG:root:Executing:Selector: High Level Ordering of Strategies
DEBUG:root:Executing:Sequence: Offensive Strategy
DEBUG:root:Executing:Check: if_enemy_planet_snipable
DEBUG:root:Result: Check: if_enemy_planet_snipable -> Success
DEBUG:root:Executing:Action: like_agressive
DEBUG:root:Order:1 18 16.0
DEBUG:root:Result: Action: like_agressive -> Success
DEBUG:root:Result: Sequence: Offensive Strategy -> Success
DEBUG:root:Result: Selector: High Level Ordering of Strategies -> Success
DEBUG:root:Finish turn

DEBUG:root:Executing:Selector: High Level Ordering of Strategies
DEBUG:root:Executing:Sequence: Offensive Strategy
DEBUG:root:Executing:Check: if_enemy_planet_snipable
DEBUG:root:Result: Check: if_enemy_planet_snipable -> Success
DEBUG:root:Executing:Action: like_agressive
DEBUG:root:Result: Action: like_agressive -> Success
DEBUG:root:Result: Sequence: Offensive Strategy -> Success
DEBUG:root:Result: Selector: High Level Ordering of Strategies -> Success
DEBUG:root:Finish turn

DEBUG:root:Executing:Selector: High Level Ordering of Strategies
DEBUG:root:Executing:Sequence: Offensive Strategy
DEBUG:root:Executing:Check: if_enemy_planet_snipable
DEBUG:root:Result: Check: if_enemy_planet_snipable -> Success
DEBUG:root:Executing:Action: like_agressive
DEBUG:root:Result: Action: like_agressive -> Success
DEBUG:root:Result: Sequence: Offensive Strategy -> Success
DEBUG:root:Result: Selector: High Level Ordering of Strategies -> Success
DEBUG:root:Finish turn

DEBUG:root:Executing:Selector: High Level Ordering of Strategies
DEBUG:root:Executing:Sequence: Offensive Strategy
DEBUG:root:Executing:Check: if_enemy_planet_snipable
DEBUG:root:Result: Check: if_enemy_planet_snipable -> Success
DEBUG:root:Executing:Action: like_agressive
DEBUG:root:Result: Action: like_agressive -> Success
DEBUG:root:Result: Sequence: Offensive Strategy -> Success
DEBUG:root:Result: Selector: High Level Ordering of Strategies -> Success
DEBUG:root:Finish turn

DEBUG:root:Executing:Selector: High Level Ordering of Strategies
DEBUG:root:Executing:Sequence: Offensive Strategy
DEBUG:root:Executing:Check: if_enemy_planet_snipable
DEBUG:root:Result: Check: if_enemy_planet_snipable -> Success
DEBUG:root:Executing:Action: like_agressive
DEBUG:root:Result: Action: like_agressive -> Success
DEBUG:root:Result: Sequence: Offensive Strategy -> Success
DEBUG:root:Result: Selector: High Level Ordering of Strategies -> Success
DEBUG:root:Finish turn

DEBUG:root:Executing:Selector: High Level Ordering of Strategies
DEBUG:root:Executing:Sequence: Offensive Strategy
DEBUG:root:Executing:Check: if_enemy_planet_snipable
DEBUG:root:Result: Check: if_enemy_planet_snipable -> Success
DEBUG:root:Executing:Action: like_agressive
DEBUG:root:Order:12 17 16.0
DEBUG:root:Result: Action: like_agressive -> Success
DEBUG:root:Result: Sequence: Offensive Strategy -> Success
DEBUG:root:Result: Selector: High Level Ordering of Strategies -> Success
DEBUG:root:Finish turn

DEBUG:root:Executing:Selector: High Level Ordering of Strategies
DEBUG:root:Executing:Sequence: Offensive Strategy
DEBUG:root:Executing:Check: if_enemy_planet_snipable
DEBUG:root:Result: Check: if_enemy_planet_snipable -> Success
DEBUG:root:Executing:Action: like_agressive
DEBUG:root:Result: Action: like_agressive -> Success
DEBUG:root:Result: Sequence: Offensive Strategy -> Success
DEBUG:root:Result: Selector: High Level Ordering of Strategies -> Success
DEBUG:root:Finish turn

DEBUG:root:Executing:Selector: High Level Ordering of Strategies
DEBUG:root:Executing:Sequence: Offensive Strategy
DEBUG:root:Executing:Check: if_enemy_planet_snipable
DEBUG:root:Result: Check: if_enemy_planet_snipable -> Success
DEBUG:root:Executing:Action: like_agressive
DEBUG:root:Result: Action: like_agressive -> Success
DEBUG:root:Result: Sequence: Offensive Strategy -> Success
DEBUG:root:Result: Selector: High Level Ordering of Strategies -> Success
DEBUG:root:Finish turn

DEBUG:root:Executing:Selector: High Level Ordering of Strategies
DEBUG:root:Executing:Sequence: Offensive Strategy
DEBUG:root:Executing:Check: if_enemy_planet_snipable
DEBUG:root:Result: Check: if_enemy_planet_snipable -> Success
DEBUG:root:Executing:Action: like_agressive
DEBUG:root:Order:4 5 21.0
DEBUG:root:Order:12 0 32.0
DEBUG:root:Result: Action: like_agressive -> Success
DEBUG:root:Result: Sequence: Offensive Strategy -> Success
DEBUG:root:Result: Selector: High Level Ordering of Strategies -> Success
DEBUG:root:Finish turn

DEBUG:root:Executing:Selector: High Level Ordering of Strategies
DEBUG:root:Executing:Sequence: Offensive Strategy
DEBUG:root:Executing:Check: if_enemy_planet_snipable
DEBUG:root:Result: Check: if_enemy_planet_snipable -> Success
DEBUG:root:Executing:Action: like_agressive
DEBUG:root:Order:12 4 41.0
DEBUG:root:Result: Action: like_agressive -> Success
DEBUG:root:Result: Sequence: Offensive Strategy -> Success
DEBUG:root:Result: Selector: High Level Ordering of Strategies -> Success
DEBUG:root:Finish turn

DEBUG:root:Executing:Selector: High Level Ordering of Strategies
DEBUG:root:Executing:Sequence: Offensive Strategy
DEBUG:root:Executing:Check: if_enemy_planet_snipable
DEBUG:root:Result: Check: if_enemy_planet_snipable -> Success
DEBUG:root:Executing:Action: like_agressive
DEBUG:root:Result: Action: like_agressive -> Success
DEBUG:root:Result: Sequence: Offensive Strategy -> Success
DEBUG:root:Result: Selector: High Level Ordering of Strategies -> Success
DEBUG:root:Finish turn

DEBUG:root:Executing:Selector: High Level Ordering of Strategies
DEBUG:root:Executing:Sequence: Offensive Strategy
DEBUG:root:Executing:Check: if_enemy_planet_snipable
DEBUG:root:Result: Check: if_enemy_planet_snipable -> Success
DEBUG:root:Executing:Action: like_agressive
DEBUG:root:Result: Action: like_agressive -> Success
DEBUG:root:Result: Sequence: Offensive Strategy -> Success
DEBUG:root:Result: Selector: High Level Ordering of Strategies -> Success
DEBUG:root:Finish turn

DEBUG:root:Executing:Selector: High Level Ordering of Strategies
DEBUG:root:Executing:Sequence: Offensive Strategy
DEBUG:root:Executing:Check: if_enemy_planet_snipable
DEBUG:root:Result: Check: if_enemy_planet_snipable -> Success
DEBUG:root:Executing:Action: like_agressive
DEBUG:root:Result: Action: like_agressive -> Success
DEBUG:root:Result: Sequence: Offensive Strategy -> Success
DEBUG:root:Result: Selector: High Level Ordering of Strategies -> Success
DEBUG:root:Finish turn

DEBUG:root:Executing:Selector: High Level Ordering of Strategies
DEBUG:root:Executing:Sequence: Offensive Strategy
DEBUG:root:Executing:Check: if_enemy_planet_snipable
DEBUG:root:Result: Check: if_enemy_planet_snipable -> Success
DEBUG:root:Executing:Action: like_agressive
DEBUG:root:Result: Action: like_agressive -> Success
DEBUG:root:Result: Sequence: Offensive Strategy -> Success
DEBUG:root:Result: Selector: High Level Ordering of Strategies -> Success
DEBUG:root:Finish turn

DEBUG:root:Executing:Selector: High Level Ordering of Strategies
DEBUG:root:Executing:Sequence: Offensive Strategy
DEBUG:root:Executing:Check: if_enemy_planet_snipable
DEBUG:root:Result: Check: if_enemy_planet_snipable -> Success
DEBUG:root:Executing:Action: like_agressive
DEBUG:root:Order:12 18 20.0
DEBUG:root:Result: Action: like_agressive -> Success
DEBUG:root:Result: Sequence: Offensive Strategy -> Success
DEBUG:root:Result: Selector: High Level Ordering of Strategies -> Success
DEBUG:root:Finish turn

DEBUG:root:Executing:Selector: High Level Ordering of Strategies
DEBUG:root:Executing:Sequence: Offensive Strategy
DEBUG:root:Executing:Check: if_enemy_planet_snipable
DEBUG:root:Result: Check: if_enemy_planet_snipable -> Success
DEBUG:root:Executing:Action: like_agressive
DEBUG:root:Result: Action: like_agressive -> Success
DEBUG:root:Result: Sequence: Offensive Strategy -> Success
DEBUG:root:Result: Selector: High Level Ordering of Strategies -> Success
DEBUG:root:Finish turn

DEBUG:root:Executing:Selector: High Level Ordering of Strategies
DEBUG:root:Executing:Sequence: Offensive Strategy
DEBUG:root:Executing:Check: if_enemy_planet_snipable
DEBUG:root:Result: Check: if_enemy_planet_snipable -> Success
DEBUG:root:Executing:Action: like_agressive
DEBUG:root:Result: Action: like_agressive -> Success
DEBUG:root:Result: Sequence: Offensive Strategy -> Success
DEBUG:root:Result: Selector: High Level Ordering of Strategies -> Success
DEBUG:root:Finish turn

DEBUG:root:Executing:Selector: High Level Ordering of Strategies
DEBUG:root:Executing:Sequence: Offensive Strategy
DEBUG:root:Executing:Check: if_enemy_planet_snipable
DEBUG:root:Result: Check: if_enemy_planet_snipable -> Success
DEBUG:root:Executing:Action: like_agressive
DEBUG:root:Result: Action: like_agressive -> Success
DEBUG:root:Result: Sequence: Offensive Strategy -> Success
DEBUG:root:Result: Selector: High Level Ordering of Strategies -> Success
DEBUG:root:Finish turn

DEBUG:root:Executing:Selector: High Level Ordering of Strategies
DEBUG:root:Executing:Sequence: Offensive Strategy
DEBUG:root:Executing:Check: if_enemy_planet_snipable
DEBUG:root:Result: Check: if_enemy_planet_snipable -> Success
DEBUG:root:Executing:Action: like_agressive
DEBUG:root:Result: Action: like_agressive -> Success
DEBUG:root:Result: Sequence: Offensive Strategy -> Success
DEBUG:root:Result: Selector: High Level Ordering of Strategies -> Success
DEBUG:root:Finish turn

DEBUG:root:Executing:Selector: High Level Ordering of Strategies
DEBUG:root:Executing:Sequence: Offensive Strategy
DEBUG:root:Executing:Check: if_enemy_planet_snipable
DEBUG:root:Result: Check: if_enemy_planet_snipable -> Success
DEBUG:root:Executing:Action: like_agressive
DEBUG:root:Order:0 6 16.0
DEBUG:root:Order:12 9 16.0
DEBUG:root:Result: Action: like_agressive -> Success
DEBUG:root:Result: Sequence: Offensive Strategy -> Success
DEBUG:root:Result: Selector: High Level Ordering of Strategies -> Success
DEBUG:root:Finish turn

DEBUG:root:Executing:Selector: High Level Ordering of Strategies
DEBUG:root:Executing:Sequence: Offensive Strategy
DEBUG:root:Executing:Check: if_enemy_planet_snipable
DEBUG:root:Result: Check: if_enemy_planet_snipable -> Success
DEBUG:root:Executing:Action: like_agressive
DEBUG:root:Result: Action: like_agressive -> Success
DEBUG:root:Result: Sequence: Offensive Strategy -> Success
DEBUG:root:Result: Selector: High Level Ordering of Strategies -> Success
DEBUG:root:Finish turn

DEBUG:root:Executing:Selector: High Level Ordering of Strategies
DEBUG:root:Executing:Sequence: Offensive Strategy
DEBUG:root:Executing:Check: if_enemy_planet_snipable
DEBUG:root:Result: Check: if_enemy_planet_snipable -> Success
DEBUG:root:Executing:Action: like_agressive
DEBUG:root:Result: Action: like_agressive -> Success
DEBUG:root:Result: Sequence: Offensive Strategy -> Success
DEBUG:root:Result: Selector: High Level Ordering of Strategies -> Success
DEBUG:root:Finish turn

DEBUG:root:Executing:Selector: High Level Ordering of Strategies
DEBUG:root:Executing:Sequence: Offensive Strategy
DEBUG:root:Executing:Check: if_enemy_planet_snipable
DEBUG:root:Result: Check: if_enemy_planet_snipable -> Success
DEBUG:root:Executing:Action: like_agressive
DEBUG:root:Order:11 2 63.0
DEBUG:root:Result: Action: like_agressive -> Success
DEBUG:root:Result: Sequence: Offensive Strategy -> Success
DEBUG:root:Result: Selector: High Level Ordering of Strategies -> Success
DEBUG:root:Finish turn

DEBUG:root:Executing:Selector: High Level Ordering of Strategies
DEBUG:root:Executing:Sequence: Offensive Strategy
DEBUG:root:Executing:Check: if_enemy_planet_snipable
DEBUG:root:Result: Check: if_enemy_planet_snipable -> Success
DEBUG:root:Executing:Action: like_agressive
DEBUG:root:Order:12 0 30.0
DEBUG:root:Result: Action: like_agressive -> Success
DEBUG:root:Result: Sequence: Offensive Strategy -> Success
DEBUG:root:Result: Selector: High Level Ordering of Strategies -> Success
DEBUG:root:Finish turn

DEBUG:root:Executing:Selector: High Level Ordering of Strategies
DEBUG:root:Executing:Sequence: Offensive Strategy
DEBUG:root:Executing:Check: if_enemy_planet_snipable
DEBUG:root:Result: Check: if_enemy_planet_snipable -> Success
DEBUG:root:Executing:Action: like_agressive
DEBUG:root:Order:11 17 20.0
DEBUG:root:Result: Action: like_agressive -> Success
DEBUG:root:Result: Sequence: Offensive Strategy -> Success
DEBUG:root:Result: Selector: High Level Ordering of Strategies -> Success
DEBUG:root:Finish turn

DEBUG:root:Executing:Selector: High Level Ordering of Strategies
DEBUG:root:Executing:Sequence: Offensive Strategy
DEBUG:root:Executing:Check: if_enemy_planet_snipable
DEBUG:root:Result: Check: if_enemy_planet_snipable -> Success
DEBUG:root:Executing:Action: like_agressive
DEBUG:root:Order:12 19 18.0
DEBUG:root:Result: Action: like_agressive -> Success
DEBUG:root:Result: Sequence: Offensive Strategy -> Success
DEBUG:root:Result: Selector: High Level Ordering of Strategies -> Success
DEBUG:root:Finish turn

DEBUG:root:Executing:Selector: High Level Ordering of Strategies
DEBUG:root:Executing:Sequence: Offensive Strategy
DEBUG:root:Executing:Check: if_enemy_planet_snipable
DEBUG:root:Result: Check: if_enemy_planet_snipable -> Success
DEBUG:root:Executing:Action: like_agressive
DEBUG:root:Result: Action: like_agressive -> Success
DEBUG:root:Result: Sequence: Offensive Strategy -> Success
DEBUG:root:Result: Selector: High Level Ordering of Strategies -> Success
DEBUG:root:Finish turn

DEBUG:root:Executing:Selector: High Level Ordering of Strategies
DEBUG:root:Executing:Sequence: Offensive Strategy
DEBUG:root:Executing:Check: if_enemy_planet_snipable
DEBUG:root:Result: Check: if_enemy_planet_snipable -> Success
DEBUG:root:Executing:Action: like_agressive
DEBUG:root:Result: Action: like_agressive -> Success
DEBUG:root:Result: Sequence: Offensive Strategy -> Success
DEBUG:root:Result: Selector: High Level Ordering of Strategies -> Success
DEBUG:root:Finish turn

DEBUG:root:Executing:Selector: High Level Ordering of Strategies
DEBUG:root:Executing:Sequence: Offensive Strategy
DEBUG:root:Executing:Check: if_enemy_planet_snipable
DEBUG:root:Result: Check: if_enemy_planet_snipable -> Success
DEBUG:root:Executing:Action: like_agressive
DEBUG:root:Result: Action: like_agressive -> Success
DEBUG:root:Result: Sequence: Offensive Strategy -> Success
DEBUG:root:Result: Selector: High Level Ordering of Strategies -> Success
DEBUG:root:Finish turn

DEBUG:root:Executing:Selector: High Level Ordering of Strategies
DEBUG:root:Executing:Sequence: Offensive Strategy
DEBUG:root:Executing:Check: if_enemy_planet_snipable
DEBUG:root:Result: Check: if_enemy_planet_snipable -> Success
DEBUG:root:Executing:Action: like_agressive
DEBUG:root:Result: Action: like_agressive -> Success
DEBUG:root:Result: Sequence: Offensive Strategy -> Success
DEBUG:root:Result: Selector: High Level Ordering of Strategies -> Success
DEBUG:root:Finish turn

DEBUG:root:Executing:Selector: High Level Ordering of Strategies
DEBUG:root:Executing:Sequence: Offensive Strategy
DEBUG:root:Executing:Check: if_enemy_planet_snipable
DEBUG:root:Result: Check: if_enemy_planet_snipable -> Success
DEBUG:root:Executing:Action: like_agressive
DEBUG:root:Order:0 18 16.0
DEBUG:root:Order:12 20 15.0
DEBUG:root:Result: Action: like_agressive -> Success
DEBUG:root:Result: Sequence: Offensive Strategy -> Success
DEBUG:root:Result: Selector: High Level Ordering of Strategies -> Success
DEBUG:root:Finish turn

DEBUG:root:Executing:Selector: High Level Ordering of Strategies
DEBUG:root:Executing:Sequence: Offensive Strategy
DEBUG:root:Executing:Check: if_enemy_planet_snipable
DEBUG:root:Result: Check: if_enemy_planet_snipable -> Success
DEBUG:root:Executing:Action: like_agressive
DEBUG:root:Result: Action: like_agressive -> Success
DEBUG:root:Result: Sequence: Offensive Strategy -> Success
DEBUG:root:Result: Selector: High Level Ordering of Strategies -> Success
DEBUG:root:Finish turn

DEBUG:root:Executing:Selector: High Level Ordering of Strategies
DEBUG:root:Executing:Sequence: Offensive Strategy
DEBUG:root:Executing:Check: if_enemy_planet_snipable
DEBUG:root:Result: Check: if_enemy_planet_snipable -> Success
DEBUG:root:Executing:Action: like_agressive
DEBUG:root:Result: Action: like_agressive -> Success
DEBUG:root:Result: Sequence: Offensive Strategy -> Success
DEBUG:root:Result: Selector: High Level Ordering of Strategies -> Success
DEBUG:root:Finish turn

DEBUG:root:Executing:Selector: High Level Ordering of Strategies
DEBUG:root:Executing:Sequence: Offensive Strategy
DEBUG:root:Executing:Check: if_enemy_planet_snipable
DEBUG:root:Result: Check: if_enemy_planet_snipable -> Success
DEBUG:root:Executing:Action: like_agressive
DEBUG:root:Result: Action: like_agressive -> Success
DEBUG:root:Result: Sequence: Offensive Strategy -> Success
DEBUG:root:Result: Selector: High Level Ordering of Strategies -> Success
DEBUG:root:Finish turn

DEBUG:root:Executing:Selector: High Level Ordering of Strategies
DEBUG:root:Executing:Sequence: Offensive Strategy
DEBUG:root:Executing:Check: if_enemy_planet_snipable
DEBUG:root:Result: Check: if_enemy_planet_snipable -> Success
DEBUG:root:Executing:Action: like_agressive
DEBUG:root:Result: Action: like_agressive -> Success
DEBUG:root:Result: Sequence: Offensive Strategy -> Success
DEBUG:root:Result: Selector: High Level Ordering of Strategies -> Success
DEBUG:root:Finish turn

DEBUG:root:Executing:Selector: High Level Ordering of Strategies
DEBUG:root:Executing:Sequence: Offensive Strategy
DEBUG:root:Executing:Check: if_enemy_planet_snipable
DEBUG:root:Result: Check: if_enemy_planet_snipable -> Success
DEBUG:root:Executing:Action: like_agressive
DEBUG:root:Result: Action: like_agressive -> Success
DEBUG:root:Result: Sequence: Offensive Strategy -> Success
DEBUG:root:Result: Selector: High Level Ordering of Strategies -> Success
DEBUG:root:Finish turn

DEBUG:root:Executing:Selector: High Level Ordering of Strategies
DEBUG:root:Executing:Sequence: Offensive Strategy
DEBUG:root:Executing:Check: if_enemy_planet_snipable
DEBUG:root:Result: Check: if_enemy_planet_snipable -> Success
DEBUG:root:Executing:Action: like_agressive
DEBUG:root:Result: Action: like_agressive -> Success
DEBUG:root:Result: Sequence: Offensive Strategy -> Success
DEBUG:root:Result: Selector: High Level Ordering of Strategies -> Success
DEBUG:root:Finish turn

DEBUG:root:Executing:Selector: High Level Ordering of Strategies
DEBUG:root:Executing:Sequence: Offensive Strategy
DEBUG:root:Executing:Check: if_enemy_planet_snipable
DEBUG:root:Result: Check: if_enemy_planet_snipable -> Success
DEBUG:root:Executing:Action: like_agressive
DEBUG:root:Result: Action: like_agressive -> Success
DEBUG:root:Result: Sequence: Offensive Strategy -> Success
DEBUG:root:Result: Selector: High Level Ordering of Strategies -> Success
DEBUG:root:Finish turn

DEBUG:root:Executing:Selector: High Level Ordering of Strategies
DEBUG:root:Executing:Sequence: Offensive Strategy
DEBUG:root:Executing:Check: if_enemy_planet_snipable
DEBUG:root:Result: Check: if_enemy_planet_snipable -> Success
DEBUG:root:Executing:Action: like_agressive
DEBUG:root:Order:0 5 16.0
DEBUG:root:Result: Action: like_agressive -> Success
DEBUG:root:Result: Sequence: Offensive Strategy -> Success
DEBUG:root:Result: Selector: High Level Ordering of Strategies -> Success
DEBUG:root:Finish turn

DEBUG:root:Executing:Selector: High Level Ordering of Strategies
DEBUG:root:Executing:Sequence: Offensive Strategy
DEBUG:root:Executing:Check: if_enemy_planet_snipable
DEBUG:root:Result: Check: if_enemy_planet_snipable -> Success
DEBUG:root:Executing:Action: like_agressive
DEBUG:root:Result: Action: like_agressive -> Success
DEBUG:root:Result: Sequence: Offensive Strategy -> Success
DEBUG:root:Result: Selector: High Level Ordering of Strategies -> Success
DEBUG:root:Finish turn

DEBUG:root:Executing:Selector: High Level Ordering of Strategies
DEBUG:root:Executing:Sequence: Offensive Strategy
DEBUG:root:Executing:Check: if_enemy_planet_snipable
DEBUG:root:Result: Check: if_enemy_planet_snipable -> Success
DEBUG:root:Executing:Action: like_agressive
DEBUG:root:Result: Action: like_agressive -> Success
DEBUG:root:Result: Sequence: Offensive Strategy -> Success
DEBUG:root:Result: Selector: High Level Ordering of Strategies -> Success
DEBUG:root:Finish turn

DEBUG:root:Executing:Selector: High Level Ordering of Strategies
DEBUG:root:Executing:Sequence: Offensive Strategy
DEBUG:root:Executing:Check: if_enemy_planet_snipable
DEBUG:root:Result: Check: if_enemy_planet_snipable -> Success
DEBUG:root:Executing:Action: like_agressive
DEBUG:root:Result: Action: like_agressive -> Success
DEBUG:root:Result: Sequence: Offensive Strategy -> Success
DEBUG:root:Result: Selector: High Level Ordering of Strategies -> Success
DEBUG:root:Finish turn

DEBUG:root:Executing:Selector: High Level Ordering of Strategies
DEBUG:root:Executing:Sequence: Offensive Strategy
DEBUG:root:Executing:Check: if_enemy_planet_snipable
DEBUG:root:Result: Check: if_enemy_planet_snipable -> Success
DEBUG:root:Executing:Action: like_agressive
DEBUG:root:Result: Action: like_agressive -> Success
DEBUG:root:Result: Sequence: Offensive Strategy -> Success
DEBUG:root:Result: Selector: High Level Ordering of Strategies -> Success
DEBUG:root:Finish turn

DEBUG:root:Executing:Selector: High Level Ordering of Strategies
DEBUG:root:Executing:Sequence: Offensive Strategy
DEBUG:root:Executing:Check: if_enemy_planet_snipable
DEBUG:root:Result: Check: if_enemy_planet_snipable -> Success
DEBUG:root:Executing:Action: like_agressive
DEBUG:root:Result: Action: like_agressive -> Success
DEBUG:root:Result: Sequence: Offensive Strategy -> Success
DEBUG:root:Result: Selector: High Level Ordering of Strategies -> Success
DEBUG:root:Finish turn

DEBUG:root:Executing:Selector: High Level Ordering of Strategies
DEBUG:root:Executing:Sequence: Offensive Strategy
DEBUG:root:Executing:Check: if_enemy_planet_snipable
DEBUG:root:Result: Check: if_enemy_planet_snipable -> Success
DEBUG:root:Executing:Action: like_agressive
DEBUG:root:Result: Action: like_agressive -> Success
DEBUG:root:Result: Sequence: Offensive Strategy -> Success
DEBUG:root:Result: Selector: High Level Ordering of Strategies -> Success
DEBUG:root:Finish turn

DEBUG:root:Executing:Selector: High Level Ordering of Strategies
DEBUG:root:Executing:Sequence: Offensive Strategy
DEBUG:root:Executing:Check: if_enemy_planet_snipable
DEBUG:root:Result: Check: if_enemy_planet_snipable -> Success
DEBUG:root:Executing:Action: like_agressive
DEBUG:root:Result: Action: like_agressive -> Success
DEBUG:root:Result: Sequence: Offensive Strategy -> Success
DEBUG:root:Result: Selector: High Level Ordering of Strategies -> Success
DEBUG:root:Finish turn

DEBUG:root:Executing:Selector: High Level Ordering of Strategies
DEBUG:root:Executing:Sequence: Offensive Strategy
DEBUG:root:Executing:Check: if_enemy_planet_snipable
DEBUG:root:Result: Check: if_enemy_planet_snipable -> Success
DEBUG:root:Executing:Action: like_agressive
DEBUG:root:Result: Action: like_agressive -> Success
DEBUG:root:Result: Sequence: Offensive Strategy -> Success
DEBUG:root:Result: Selector: High Level Ordering of Strategies -> Success
DEBUG:root:Finish turn

DEBUG:root:Executing:Selector: High Level Ordering of Strategies
DEBUG:root:Executing:Sequence: Offensive Strategy
DEBUG:root:Executing:Check: if_enemy_planet_snipable
DEBUG:root:Result: Check: if_enemy_planet_snipable -> Success
DEBUG:root:Executing:Action: like_agressive
DEBUG:root:Result: Action: like_agressive -> Success
DEBUG:root:Result: Sequence: Offensive Strategy -> Success
DEBUG:root:Result: Selector: High Level Ordering of Strategies -> Success
DEBUG:root:Finish turn

DEBUG:root:Executing:Selector: High Level Ordering of Strategies
DEBUG:root:Executing:Sequence: Offensive Strategy
DEBUG:root:Executing:Check: if_enemy_planet_snipable
DEBUG:root:Result: Check: if_enemy_planet_snipable -> Success
DEBUG:root:Executing:Action: like_agressive
DEBUG:root:Result: Action: like_agressive -> Success
DEBUG:root:Result: Sequence: Offensive Strategy -> Success
DEBUG:root:Result: Selector: High Level Ordering of Strategies -> Success
DEBUG:root:Finish turn

DEBUG:root:Executing:Selector: High Level Ordering of Strategies
DEBUG:root:Executing:Sequence: Offensive Strategy
DEBUG:root:Executing:Check: if_enemy_planet_snipable
DEBUG:root:Result: Check: if_enemy_planet_snipable -> Success
DEBUG:root:Executing:Action: like_agressive
DEBUG:root:Result: Action: like_agressive -> Success
DEBUG:root:Result: Sequence: Offensive Strategy -> Success
DEBUG:root:Result: Selector: High Level Ordering of Strategies -> Success
DEBUG:root:Finish turn

DEBUG:root:Executing:Selector: High Level Ordering of Strategies
DEBUG:root:Executing:Sequence: Offensive Strategy
DEBUG:root:Executing:Check: if_enemy_planet_snipable
DEBUG:root:Result: Check: if_enemy_planet_snipable -> Success
DEBUG:root:Executing:Action: like_agressive
DEBUG:root:Result: Action: like_agressive -> Success
DEBUG:root:Result: Sequence: Offensive Strategy -> Success
DEBUG:root:Result: Selector: High Level Ordering of Strategies -> Success
DEBUG:root:Finish turn

DEBUG:root:Executing:Selector: High Level Ordering of Strategies
DEBUG:root:Executing:Sequence: Offensive Strategy
DEBUG:root:Executing:Check: if_enemy_planet_snipable
DEBUG:root:Result: Check: if_enemy_planet_snipable -> Success
DEBUG:root:Executing:Action: like_agressive
DEBUG:root:Result: Action: like_agressive -> Success
DEBUG:root:Result: Sequence: Offensive Strategy -> Success
DEBUG:root:Result: Selector: High Level Ordering of Strategies -> Success
DEBUG:root:Finish turn

